2015-05-03T16:34:17+00:00 ERR (3): 
exception 'PDOException' with message 'SQLSTATE[23000]: Integrity constraint violation: 1062 Duplicate entry '29' for key 'PRIMARY'' in /var/www/vhosts/vps159255.ovh.net/httpdocs/imperiale/lib/Zend/Db/Statement/Pdo.php:228
Stack trace:
#0 /var/www/vhosts/vps159255.ovh.net/httpdocs/imperiale/lib/Zend/Db/Statement/Pdo.php(228): PDOStatement->execute(Array)
#1 /var/www/vhosts/vps159255.ovh.net/httpdocs/imperiale/lib/Varien/Db/Statement/Pdo/Mysql.php(110): Zend_Db_Statement_Pdo->_execute(Array)
#2 /var/www/vhosts/vps159255.ovh.net/httpdocs/imperiale/app/code/core/Zend/Db/Statement.php(291): Varien_Db_Statement_Pdo_Mysql->_execute(Array)
#3 /var/www/vhosts/vps159255.ovh.net/httpdocs/imperiale/lib/Zend/Db/Adapter/Abstract.php(480): Zend_Db_Statement->execute(Array)
#4 /var/www/vhosts/vps159255.ovh.net/httpdocs/imperiale/lib/Zend/Db/Adapter/Pdo/Abstract.php(238): Zend_Db_Adapter_Abstract->query('INSERT INTO `lo...', Array)
#5 /var/www/vhosts/vps159255.ovh.net/httpdocs/imperiale/lib/Varien/Db/Adapter/Pdo/Mysql.php(428): Zend_Db_Adapter_Pdo_Abstract->query('INSERT INTO `lo...', Array)
#6 /var/www/vhosts/vps159255.ovh.net/httpdocs/imperiale/lib/Zend/Db/Adapter/Abstract.php(576): Varien_Db_Adapter_Pdo_Mysql->query('INSERT INTO `lo...', Array)
#7 /var/www/vhosts/vps159255.ovh.net/httpdocs/imperiale/app/code/core/Mage/Log/Model/Resource/Visitor.php(261): Zend_Db_Adapter_Abstract->insert('log_quote', Array)
#8 /var/www/vhosts/vps159255.ovh.net/httpdocs/imperiale/app/code/core/Mage/Log/Model/Resource/Visitor.php(116): Mage_Log_Model_Resource_Visitor->_saveQuoteInfo(Object(Mage_Log_Model_Visitor))
#9 /var/www/vhosts/vps159255.ovh.net/httpdocs/imperiale/app/code/core/Mage/Core/Model/Resource/Db/Abstract.php(463): Mage_Log_Model_Resource_Visitor->_afterSave(Object(Mage_Log_Model_Visitor))
#10 /var/www/vhosts/vps159255.ovh.net/httpdocs/imperiale/app/code/core/Mage/Core/Model/Abstract.php(318): Mage_Core_Model_Resource_Db_Abstract->save(Object(Mage_Log_Model_Visitor))
#11 /var/www/vhosts/vps159255.ovh.net/httpdocs/imperiale/app/code/core/Mage/Log/Model/Visitor.php(207): Mage_Core_Model_Abstract->save()
#12 /var/www/vhosts/vps159255.ovh.net/httpdocs/imperiale/app/code/core/Mage/Core/Model/App.php(1338): Mage_Log_Model_Visitor->saveByRequest(Object(Varien_Event_Observer))
#13 /var/www/vhosts/vps159255.ovh.net/httpdocs/imperiale/app/code/core/Mage/Core/Model/App.php(1317): Mage_Core_Model_App->_callObserverMethod(Object(Mage_Log_Model_Visitor), 'saveByRequest', Object(Varien_Event_Observer))
#14 /var/www/vhosts/vps159255.ovh.net/httpdocs/imperiale/app/Mage.php(448): Mage_Core_Model_App->dispatchEvent('controller_acti...', Array)
#15 /var/www/vhosts/vps159255.ovh.net/httpdocs/imperiale/app/code/core/Mage/Core/Controller/Varien/Action.php(551): Mage::dispatchEvent('controller_acti...', Array)
#16 /var/www/vhosts/vps159255.ovh.net/httpdocs/imperiale/app/code/core/Mage/Core/Controller/Front/Action.php(75): Mage_Core_Controller_Varien_Action->postDispatch()
#17 /var/www/vhosts/vps159255.ovh.net/httpdocs/imperiale/app/code/core/Mage/Core/Controller/Varien/Action.php(422): Mage_Core_Controller_Front_Action->postDispatch()
#18 /var/www/vhosts/vps159255.ovh.net/httpdocs/imperiale/app/code/core/Mage/Core/Controller/Varien/Router/Standard.php(250): Mage_Core_Controller_Varien_Action->dispatch('add')
#19 /var/www/vhosts/vps159255.ovh.net/httpdocs/imperiale/app/code/core/Mage/Core/Controller/Varien/Front.php(172): Mage_Core_Controller_Varien_Router_Standard->match(Object(Mage_Core_Controller_Request_Http))
#20 /var/www/vhosts/vps159255.ovh.net/httpdocs/imperiale/app/code/core/Mage/Core/Model/App.php(354): Mage_Core_Controller_Varien_Front->dispatch()
#21 /var/www/vhosts/vps159255.ovh.net/httpdocs/imperiale/app/Mage.php(684): Mage_Core_Model_App->run(Array)
#22 /var/www/vhosts/vps159255.ovh.net/httpdocs/imperiale/index.php(87): Mage::run('', 'store')
#23 {main}

Next exception 'Zend_Db_Statement_Exception' with message 'SQLSTATE[23000]: Integrity constraint violation: 1062 Duplicate entry '29' for key 'PRIMARY', query was: INSERT INTO `log_quote` (`quote_id`, `visitor_id`, `created_at`) VALUES (?, ?, '2015-05-03 16:34:17')' in /var/www/vhosts/vps159255.ovh.net/httpdocs/imperiale/lib/Zend/Db/Statement/Pdo.php:235
Stack trace:
#0 /var/www/vhosts/vps159255.ovh.net/httpdocs/imperiale/lib/Varien/Db/Statement/Pdo/Mysql.php(110): Zend_Db_Statement_Pdo->_execute(Array)
#1 /var/www/vhosts/vps159255.ovh.net/httpdocs/imperiale/app/code/core/Zend/Db/Statement.php(291): Varien_Db_Statement_Pdo_Mysql->_execute(Array)
#2 /var/www/vhosts/vps159255.ovh.net/httpdocs/imperiale/lib/Zend/Db/Adapter/Abstract.php(480): Zend_Db_Statement->execute(Array)
#3 /var/www/vhosts/vps159255.ovh.net/httpdocs/imperiale/lib/Zend/Db/Adapter/Pdo/Abstract.php(238): Zend_Db_Adapter_Abstract->query('INSERT INTO `lo...', Array)
#4 /var/www/vhosts/vps159255.ovh.net/httpdocs/imperiale/lib/Varien/Db/Adapter/Pdo/Mysql.php(428): Zend_Db_Adapter_Pdo_Abstract->query('INSERT INTO `lo...', Array)
#5 /var/www/vhosts/vps159255.ovh.net/httpdocs/imperiale/lib/Zend/Db/Adapter/Abstract.php(576): Varien_Db_Adapter_Pdo_Mysql->query('INSERT INTO `lo...', Array)
#6 /var/www/vhosts/vps159255.ovh.net/httpdocs/imperiale/app/code/core/Mage/Log/Model/Resource/Visitor.php(261): Zend_Db_Adapter_Abstract->insert('log_quote', Array)
#7 /var/www/vhosts/vps159255.ovh.net/httpdocs/imperiale/app/code/core/Mage/Log/Model/Resource/Visitor.php(116): Mage_Log_Model_Resource_Visitor->_saveQuoteInfo(Object(Mage_Log_Model_Visitor))
#8 /var/www/vhosts/vps159255.ovh.net/httpdocs/imperiale/app/code/core/Mage/Core/Model/Resource/Db/Abstract.php(463): Mage_Log_Model_Resource_Visitor->_afterSave(Object(Mage_Log_Model_Visitor))
#9 /var/www/vhosts/vps159255.ovh.net/httpdocs/imperiale/app/code/core/Mage/Core/Model/Abstract.php(318): Mage_Core_Model_Resource_Db_Abstract->save(Object(Mage_Log_Model_Visitor))
#10 /var/www/vhosts/vps159255.ovh.net/httpdocs/imperiale/app/code/core/Mage/Log/Model/Visitor.php(207): Mage_Core_Model_Abstract->save()
#11 /var/www/vhosts/vps159255.ovh.net/httpdocs/imperiale/app/code/core/Mage/Core/Model/App.php(1338): Mage_Log_Model_Visitor->saveByRequest(Object(Varien_Event_Observer))
#12 /var/www/vhosts/vps159255.ovh.net/httpdocs/imperiale/app/code/core/Mage/Core/Model/App.php(1317): Mage_Core_Model_App->_callObserverMethod(Object(Mage_Log_Model_Visitor), 'saveByRequest', Object(Varien_Event_Observer))
#13 /var/www/vhosts/vps159255.ovh.net/httpdocs/imperiale/app/Mage.php(448): Mage_Core_Model_App->dispatchEvent('controller_acti...', Array)
#14 /var/www/vhosts/vps159255.ovh.net/httpdocs/imperiale/app/code/core/Mage/Core/Controller/Varien/Action.php(551): Mage::dispatchEvent('controller_acti...', Array)
#15 /var/www/vhosts/vps159255.ovh.net/httpdocs/imperiale/app/code/core/Mage/Core/Controller/Front/Action.php(75): Mage_Core_Controller_Varien_Action->postDispatch()
#16 /var/www/vhosts/vps159255.ovh.net/httpdocs/imperiale/app/code/core/Mage/Core/Controller/Varien/Action.php(422): Mage_Core_Controller_Front_Action->postDispatch()
#17 /var/www/vhosts/vps159255.ovh.net/httpdocs/imperiale/app/code/core/Mage/Core/Controller/Varien/Router/Standard.php(250): Mage_Core_Controller_Varien_Action->dispatch('add')
#18 /var/www/vhosts/vps159255.ovh.net/httpdocs/imperiale/app/code/core/Mage/Core/Controller/Varien/Front.php(172): Mage_Core_Controller_Varien_Router_Standard->match(Object(Mage_Core_Controller_Request_Http))
#19 /var/www/vhosts/vps159255.ovh.net/httpdocs/imperiale/app/code/core/Mage/Core/Model/App.php(354): Mage_Core_Controller_Varien_Front->dispatch()
#20 /var/www/vhosts/vps159255.ovh.net/httpdocs/imperiale/app/Mage.php(684): Mage_Core_Model_App->run(Array)
#21 /var/www/vhosts/vps159255.ovh.net/httpdocs/imperiale/index.php(87): Mage::run('', 'store')
#22 {main}
